<?xml version="1.0" encoding="UTF-8"?>
<testsuite xmlns:xsi="http://www.w3.org/2001/XMLSchema-instance" xsi:noNamespaceSchemaLocation="https://maven.apache.org/surefire/maven-surefire-plugin/xsd/surefire-test-report.xsd" name="com.henau.nileigee.test.carInfoTest" time="1.62" tests="4" errors="0" skipped="0" failures="0">
  <properties>
[...]
</properties>
  <testcase name="test1" classname="com.henau.nileigee.test.carInfoTest" time="1.489"/>
  <testcase name="test2" classname="com.henau.nileigee.test.carInfoTest" time="0.063"/>
  <testcase name="test3" classname="com.henau.nileigee.test.carInfoTest" time="0.031"/>
  <testcase name="test4" classname="com.henau.nileigee.test.carInfoTest" time="0.035"/>
</testsuite>